<?xml version="1.0" encoding="UTF-8"?>
<testng-results skipped="0" failed="3" ignored="0" total="5" passed="2">
  <reporter-output>
  </reporter-output>
  <suite name="VoicemodWebsiteTests" duration-ms="168104" started-at="2021-03-11T08:07:39 CET" finished-at="2021-03-11T08:10:27 CET">
    <groups>
    </groups>
    <test name="Voicemod website tests" duration-ms="168104" started-at="2021-03-11T08:07:39 CET" finished-at="2021-03-11T08:10:27 CET">
      <class name="tests.TestsAcceptanceWebsite">
        <test-method status="PASS" signature="beforeSuite()[pri:0, instance:tests.TestsAcceptanceWebsite@7364985f]" name="beforeSuite" is-config="true" duration-ms="119" started-at="2021-03-11T08:07:39 CET" finished-at="2021-03-11T08:07:39 CET">
          <reporter-output>
          </reporter-output>
        </test-method> <!-- beforeSuite -->
        <test-method status="PASS" signature="beforeTest(org.testng.ITestContext)[pri:0, instance:tests.TestsAcceptanceWebsite@7364985f]" name="beforeTest" is-config="true" duration-ms="2" started-at="2021-03-11T08:07:39 CET" finished-at="2021-03-11T08:07:39 CET">
          <params>
            <param index="0">
              <value>
                <![CDATA[org.testng.TestRunner@2a03d65c]]>
              </value>
            </param>
          </params>
          <reporter-output>
          </reporter-output>
        </test-method> <!-- beforeTest -->
        <test-method status="PASS" signature="clearBrowserCache()[pri:0, instance:tests.TestsAcceptanceWebsite@7364985f]" name="clearBrowserCache" is-config="true" duration-ms="36" started-at="2021-03-11T08:07:39 CET" finished-at="2021-03-11T08:07:39 CET">
          <reporter-output>
          </reporter-output>
        </test-method> <!-- clearBrowserCache -->
        <test-method status="PASS" signature="before(org.testng.ITestResult)[pri:0, instance:tests.TestsAcceptanceWebsite@7364985f]" name="before" is-config="true" duration-ms="2" started-at="2021-03-11T08:07:39 CET" finished-at="2021-03-11T08:07:39 CET">
          <params>
            <param index="0">
              <value>
                <![CDATA[[TestResult name={null} status=CREATED method=TestsAcceptanceWebsite.changeTheWebsiteLanguage()[pri:0, instance:tests.TestsAcceptanceWebsite@7364985f] output={null}]]]>
              </value>
            </param>
          </params>
          <reporter-output>
          </reporter-output>
        </test-method> <!-- before -->
        <test-method status="PASS" signature="setDownloadPrefInFirefox()[pri:0, instance:tests.TestsAcceptanceWebsite@7364985f]" name="setDownloadPrefInFirefox" is-config="true" duration-ms="1" started-at="2021-03-11T08:07:39 CET" finished-at="2021-03-11T08:07:39 CET">
          <reporter-output>
          </reporter-output>
        </test-method> <!-- setDownloadPrefInFirefox -->
        <test-method status="PASS" signature="setUpBrowser(java.lang.String)[pri:0, instance:tests.TestsAcceptanceWebsite@7364985f]" name="setUpBrowser" is-config="true" duration-ms="10234" started-at="2021-03-11T08:07:39 CET" finished-at="2021-03-11T08:07:49 CET">
          <params>
            <param index="0">
              <value>
                <![CDATA[https://www.voicemod.net/]]>
              </value>
            </param>
          </params>
          <reporter-output>
          </reporter-output>
        </test-method> <!-- setUpBrowser -->
        <test-method status="PASS" signature="beforeTest()[pri:0, instance:tests.TestsAcceptanceWebsite@7364985f]" name="beforeTest" is-config="true" duration-ms="28" started-at="2021-03-11T08:07:49 CET" finished-at="2021-03-11T08:07:49 CET">
          <reporter-output>
          </reporter-output>
        </test-method> <!-- beforeTest -->
        <test-method status="PASS" signature="changeTheWebsiteLanguage()[pri:0, instance:tests.TestsAcceptanceWebsite@7364985f]" name="changeTheWebsiteLanguage" duration-ms="33785" started-at="2021-03-11T08:07:49 CET" description="Test_Website_04 from Acceptance Tests excel sheet" finished-at="2021-03-11T08:08:23 CET">
          <reporter-output>
          </reporter-output>
        </test-method> <!-- changeTheWebsiteLanguage -->
        <test-method status="PASS" signature="closeBrowser()[pri:0, instance:tests.TestsAcceptanceWebsite@7364985f]" name="closeBrowser" is-config="true" duration-ms="1294" started-at="2021-03-11T08:08:23 CET" finished-at="2021-03-11T08:08:24 CET">
          <reporter-output>
          </reporter-output>
        </test-method> <!-- closeBrowser -->
        <test-method status="PASS" signature="getTestResultInExtentReport(org.testng.ITestResult)[pri:0, instance:tests.TestsAcceptanceWebsite@7364985f]" name="getTestResultInExtentReport" is-config="true" duration-ms="331" started-at="2021-03-11T08:08:24 CET" finished-at="2021-03-11T08:08:25 CET">
          <params>
            <param index="0">
              <value>
                <![CDATA[[TestResult name=changeTheWebsiteLanguage status=SUCCESS method=TestsAcceptanceWebsite.changeTheWebsiteLanguage()[pri:0, instance:tests.TestsAcceptanceWebsite@7364985f] output={null}]]]>
              </value>
            </param>
          </params>
          <reporter-output>
          </reporter-output>
        </test-method> <!-- getTestResultInExtentReport -->
        <test-method status="PASS" signature="before(org.testng.ITestResult)[pri:0, instance:tests.TestsAcceptanceWebsite@7364985f]" name="before" is-config="true" duration-ms="1" started-at="2021-03-11T08:08:25 CET" finished-at="2021-03-11T08:08:25 CET">
          <params>
            <param index="0">
              <value>
                <![CDATA[[TestResult name={null} status=CREATED method=TestsAcceptanceWebsite.downloadVoicemodUsingGoogleSignIn()[pri:0, instance:tests.TestsAcceptanceWebsite@7364985f] output={null}]]]>
              </value>
            </param>
          </params>
          <reporter-output>
          </reporter-output>
        </test-method> <!-- before -->
        <test-method status="PASS" signature="setDownloadPrefInFirefox()[pri:0, instance:tests.TestsAcceptanceWebsite@7364985f]" name="setDownloadPrefInFirefox" is-config="true" duration-ms="1" started-at="2021-03-11T08:08:25 CET" finished-at="2021-03-11T08:08:25 CET">
          <reporter-output>
          </reporter-output>
        </test-method> <!-- setDownloadPrefInFirefox -->
        <test-method status="PASS" signature="setUpBrowser(java.lang.String)[pri:0, instance:tests.TestsAcceptanceWebsite@7364985f]" name="setUpBrowser" is-config="true" duration-ms="3853" started-at="2021-03-11T08:08:25 CET" finished-at="2021-03-11T08:08:29 CET">
          <params>
            <param index="0">
              <value>
                <![CDATA[https://www.voicemod.net/]]>
              </value>
            </param>
          </params>
          <reporter-output>
          </reporter-output>
        </test-method> <!-- setUpBrowser -->
        <test-method status="PASS" signature="beforeTest()[pri:0, instance:tests.TestsAcceptanceWebsite@7364985f]" name="beforeTest" is-config="true" duration-ms="2" started-at="2021-03-11T08:08:29 CET" finished-at="2021-03-11T08:08:29 CET">
          <reporter-output>
          </reporter-output>
        </test-method> <!-- beforeTest -->
        <test-method status="FAIL" signature="downloadVoicemodUsingGoogleSignIn()[pri:0, instance:tests.TestsAcceptanceWebsite@7364985f]" name="downloadVoicemodUsingGoogleSignIn" duration-ms="22427" started-at="2021-03-11T08:08:29 CET" description="Test_Website_01 from Acceptance Tests excel sheet" finished-at="2021-03-11T08:08:51 CET">
          <exception class="org.openqa.selenium.TimeoutException">
            <message>
              <![CDATA[Expected condition failed: waiting for element to be clickable: [[FirefoxDriver: firefox on MAC (610e362d-8a7a-7d41-9498-48e8726c43da)] -> xpath: //input[@type='password']] (tried for 10 second(s) with 500 milliseconds interval)
Build info: version: '3.141.59', revision: 'e82be7d358', time: '2018-11-14T08:17:03'
System info: host: 'f8ffc202c4b9.ant.amazon.com', ip: '172.20.10.2', os.name: 'Mac OS X', os.arch: 'x86_64', os.version: '10.14.6', java.version: '1.8.0_282'
Driver info: org.openqa.selenium.firefox.FirefoxDriver
Capabilities {acceptInsecureCerts: true, browserName: firefox, browserVersion: 78.7.0, javascriptEnabled: true, moz:accessibilityChecks: false, moz:buildID: 20210119174753, moz:geckodriverVersion: 0.29.0, moz:headless: false, moz:processID: 22695, moz:profile: /var/folders/j2/j37l7hqs1pn..., moz:shutdownTimeout: 60000, moz:useNonSpecCompliantPointerOrigin: false, moz:webdriverClick: true, pageLoadStrategy: normal, platform: MAC, platformName: MAC, platformVersion: 18.7.0, rotatable: false, setWindowRect: true, strictFileInteractability: false, timeouts: {implicit: 0, pageLoad: 300000, script: 30000}, unhandledPromptBehavior: dismiss and notify}
Session ID: 610e362d-8a7a-7d41-9498-48e8726c43da]]>
            </message>
            <full-stacktrace>
              <![CDATA[org.openqa.selenium.TimeoutException: Expected condition failed: waiting for element to be clickable: [[FirefoxDriver: firefox on MAC (610e362d-8a7a-7d41-9498-48e8726c43da)] -> xpath: //input[@type='password']] (tried for 10 second(s) with 500 milliseconds interval)
Build info: version: '3.141.59', revision: 'e82be7d358', time: '2018-11-14T08:17:03'
System info: host: 'f8ffc202c4b9.ant.amazon.com', ip: '172.20.10.2', os.name: 'Mac OS X', os.arch: 'x86_64', os.version: '10.14.6', java.version: '1.8.0_282'
Driver info: org.openqa.selenium.firefox.FirefoxDriver
Capabilities {acceptInsecureCerts: true, browserName: firefox, browserVersion: 78.7.0, javascriptEnabled: true, moz:accessibilityChecks: false, moz:buildID: 20210119174753, moz:geckodriverVersion: 0.29.0, moz:headless: false, moz:processID: 22695, moz:profile: /var/folders/j2/j37l7hqs1pn..., moz:shutdownTimeout: 60000, moz:useNonSpecCompliantPointerOrigin: false, moz:webdriverClick: true, pageLoadStrategy: normal, platform: MAC, platformName: MAC, platformVersion: 18.7.0, rotatable: false, setWindowRect: true, strictFileInteractability: false, timeouts: {implicit: 0, pageLoad: 300000, script: 30000}, unhandledPromptBehavior: dismiss and notify}
Session ID: 610e362d-8a7a-7d41-9498-48e8726c43da
at org.openqa.selenium.support.ui.WebDriverWait.timeoutException(WebDriverWait.java:95)
at org.openqa.selenium.support.ui.FluentWait.until(FluentWait.java:272)
at pages.SignUpPage.loginToGoogle(SignUpPage.java:71)
at tests.TestsAcceptanceWebsite.downloadVoicemodUsingGoogleSignIn(TestsAcceptanceWebsite.java:49)
at sun.reflect.NativeMethodAccessorImpl.invoke0(Native Method)
at sun.reflect.NativeMethodAccessorImpl.invoke(NativeMethodAccessorImpl.java:62)
at sun.reflect.DelegatingMethodAccessorImpl.invoke(DelegatingMethodAccessorImpl.java:43)
at java.lang.reflect.Method.invoke(Method.java:498)
at org.testng.internal.MethodInvocationHelper.invokeMethod(MethodInvocationHelper.java:132)
at org.testng.internal.TestInvoker.invokeMethod(TestInvoker.java:599)
at org.testng.internal.TestInvoker.invokeTestMethod(TestInvoker.java:174)
at org.testng.internal.MethodRunner.runInSequence(MethodRunner.java:46)
at org.testng.internal.TestInvoker$MethodInvocationAgent.invoke(TestInvoker.java:822)
at org.testng.internal.TestInvoker.invokeTestMethods(TestInvoker.java:147)
at org.testng.internal.TestMethodWorker.invokeTestMethods(TestMethodWorker.java:146)
at org.testng.internal.TestMethodWorker.run(TestMethodWorker.java:128)
at java.util.ArrayList.forEach(ArrayList.java:1259)
at org.testng.TestRunner.privateRun(TestRunner.java:764)
at org.testng.TestRunner.run(TestRunner.java:585)
at org.testng.SuiteRunner.runTest(SuiteRunner.java:384)
at org.testng.SuiteRunner.runSequentially(SuiteRunner.java:378)
at org.testng.SuiteRunner.privateRun(SuiteRunner.java:337)
at org.testng.SuiteRunner.run(SuiteRunner.java:286)
at org.testng.SuiteRunnerWorker.runSuite(SuiteRunnerWorker.java:53)
at org.testng.SuiteRunnerWorker.run(SuiteRunnerWorker.java:96)
at org.testng.TestNG.runSuitesSequentially(TestNG.java:1218)
at org.testng.TestNG.runSuitesLocally(TestNG.java:1140)
at org.testng.TestNG.runSuites(TestNG.java:1069)
at org.testng.TestNG.run(TestNG.java:1037)
at org.testng.remote.AbstractRemoteTestNG.run(AbstractRemoteTestNG.java:115)
at org.testng.remote.RemoteTestNG.initAndRun(RemoteTestNG.java:251)
at org.testng.remote.RemoteTestNG.main(RemoteTestNG.java:77)
]]>
            </full-stacktrace>
          </exception> <!-- org.openqa.selenium.TimeoutException -->
          <reporter-output>
          </reporter-output>
        </test-method> <!-- downloadVoicemodUsingGoogleSignIn -->
        <test-method status="PASS" signature="closeBrowser()[pri:0, instance:tests.TestsAcceptanceWebsite@7364985f]" name="closeBrowser" is-config="true" duration-ms="3350" started-at="2021-03-11T08:08:51 CET" finished-at="2021-03-11T08:08:54 CET">
          <reporter-output>
          </reporter-output>
        </test-method> <!-- closeBrowser -->
        <test-method status="FAIL" signature="getTestResultInExtentReport(org.testng.ITestResult)[pri:0, instance:tests.TestsAcceptanceWebsite@7364985f]" name="getTestResultInExtentReport" is-config="true" duration-ms="6" started-at="2021-03-11T08:08:54 CET" finished-at="2021-03-11T08:08:54 CET">
          <params>
            <param index="0">
              <value>
                <![CDATA[[TestResult name=downloadVoicemodUsingGoogleSignIn status=FAILURE method=TestsAcceptanceWebsite.downloadVoicemodUsingGoogleSignIn()[pri:0, instance:tests.TestsAcceptanceWebsite@7364985f] output={null}]]]>
              </value>
            </param>
          </params>
          <exception class="org.openqa.selenium.NoSuchSessionException">
            <message>
              <![CDATA[Tried to run command without establishing a connection
Build info: version: '3.141.59', revision: 'e82be7d358', time: '2018-11-14T08:17:03'
System info: host: 'f8ffc202c4b9.ant.amazon.com', ip: '172.20.10.2', os.name: 'Mac OS X', os.arch: 'x86_64', os.version: '10.14.6', java.version: '1.8.0_282'
Driver info: org.openqa.selenium.firefox.FirefoxDriver
Capabilities {acceptInsecureCerts: true, browserName: firefox, browserVersion: 78.7.0, javascriptEnabled: true, moz:accessibilityChecks: false, moz:buildID: 20210119174753, moz:geckodriverVersion: 0.29.0, moz:headless: false, moz:processID: 22695, moz:profile: /var/folders/j2/j37l7hqs1pn..., moz:shutdownTimeout: 60000, moz:useNonSpecCompliantPointerOrigin: false, moz:webdriverClick: true, pageLoadStrategy: normal, platform: MAC, platformName: MAC, platformVersion: 18.7.0, rotatable: false, setWindowRect: true, strictFileInteractability: false, timeouts: {implicit: 0, pageLoad: 300000, script: 30000}, unhandledPromptBehavior: dismiss and notify}
Session ID: 610e362d-8a7a-7d41-9498-48e8726c43da]]>
            </message>
            <full-stacktrace>
              <![CDATA[org.openqa.selenium.NoSuchSessionException: Tried to run command without establishing a connection
Build info: version: '3.141.59', revision: 'e82be7d358', time: '2018-11-14T08:17:03'
System info: host: 'f8ffc202c4b9.ant.amazon.com', ip: '172.20.10.2', os.name: 'Mac OS X', os.arch: 'x86_64', os.version: '10.14.6', java.version: '1.8.0_282'
Driver info: org.openqa.selenium.firefox.FirefoxDriver
Capabilities {acceptInsecureCerts: true, browserName: firefox, browserVersion: 78.7.0, javascriptEnabled: true, moz:accessibilityChecks: false, moz:buildID: 20210119174753, moz:geckodriverVersion: 0.29.0, moz:headless: false, moz:processID: 22695, moz:profile: /var/folders/j2/j37l7hqs1pn..., moz:shutdownTimeout: 60000, moz:useNonSpecCompliantPointerOrigin: false, moz:webdriverClick: true, pageLoadStrategy: normal, platform: MAC, platformName: MAC, platformVersion: 18.7.0, rotatable: false, setWindowRect: true, strictFileInteractability: false, timeouts: {implicit: 0, pageLoad: 300000, script: 30000}, unhandledPromptBehavior: dismiss and notify}
Session ID: 610e362d-8a7a-7d41-9498-48e8726c43da
at sun.reflect.NativeConstructorAccessorImpl.newInstance0(Native Method)
at sun.reflect.NativeConstructorAccessorImpl.newInstance(NativeConstructorAccessorImpl.java:62)
at sun.reflect.DelegatingConstructorAccessorImpl.newInstance(DelegatingConstructorAccessorImpl.java:45)
at java.lang.reflect.Constructor.newInstance(Constructor.java:423)
at org.openqa.selenium.remote.http.W3CHttpResponseCodec.createException(W3CHttpResponseCodec.java:187)
at org.openqa.selenium.remote.http.W3CHttpResponseCodec.decode(W3CHttpResponseCodec.java:122)
at org.openqa.selenium.remote.http.W3CHttpResponseCodec.decode(W3CHttpResponseCodec.java:49)
at org.openqa.selenium.remote.HttpCommandExecutor.execute(HttpCommandExecutor.java:158)
at org.openqa.selenium.remote.service.DriverCommandExecutor.execute(DriverCommandExecutor.java:83)
at org.openqa.selenium.remote.RemoteWebDriver.execute(RemoteWebDriver.java:552)
at org.openqa.selenium.remote.RemoteWebDriver.execute(RemoteWebDriver.java:609)
at org.openqa.selenium.remote.RemoteWebDriver.getScreenshotAs(RemoteWebDriver.java:295)
at base.BaseClass.screenshot(BaseClass.java:188)
at base.BaseClass.getTestResultInExtentReport(BaseClass.java:155)
at sun.reflect.NativeMethodAccessorImpl.invoke0(Native Method)
at sun.reflect.NativeMethodAccessorImpl.invoke(NativeMethodAccessorImpl.java:62)
at sun.reflect.DelegatingMethodAccessorImpl.invoke(DelegatingMethodAccessorImpl.java:43)
at java.lang.reflect.Method.invoke(Method.java:498)
at org.testng.internal.MethodInvocationHelper.invokeMethod(MethodInvocationHelper.java:132)
at org.testng.internal.MethodInvocationHelper.invokeMethodConsideringTimeout(MethodInvocationHelper.java:61)
at org.testng.internal.ConfigInvoker.invokeConfigurationMethod(ConfigInvoker.java:366)
at org.testng.internal.ConfigInvoker.invokeConfigurations(ConfigInvoker.java:320)
at org.testng.internal.TestInvoker.runConfigMethods(TestInvoker.java:701)
at org.testng.internal.TestInvoker.runAfterGroupsConfigurations(TestInvoker.java:677)
at org.testng.internal.TestInvoker.invokeMethod(TestInvoker.java:661)
at org.testng.internal.TestInvoker.invokeTestMethod(TestInvoker.java:174)
at org.testng.internal.MethodRunner.runInSequence(MethodRunner.java:46)
at org.testng.internal.TestInvoker$MethodInvocationAgent.invoke(TestInvoker.java:822)
at org.testng.internal.TestInvoker.invokeTestMethods(TestInvoker.java:147)
at org.testng.internal.TestMethodWorker.invokeTestMethods(TestMethodWorker.java:146)
at org.testng.internal.TestMethodWorker.run(TestMethodWorker.java:128)
at java.util.ArrayList.forEach(ArrayList.java:1259)
at org.testng.TestRunner.privateRun(TestRunner.java:764)
at org.testng.TestRunner.run(TestRunner.java:585)
at org.testng.SuiteRunner.runTest(SuiteRunner.java:384)
at org.testng.SuiteRunner.runSequentially(SuiteRunner.java:378)
at org.testng.SuiteRunner.privateRun(SuiteRunner.java:337)
at org.testng.SuiteRunner.run(SuiteRunner.java:286)
at org.testng.SuiteRunnerWorker.runSuite(SuiteRunnerWorker.java:53)
at org.testng.SuiteRunnerWorker.run(SuiteRunnerWorker.java:96)
at org.testng.TestNG.runSuitesSequentially(TestNG.java:1218)
at org.testng.TestNG.runSuitesLocally(TestNG.java:1140)
at org.testng.TestNG.runSuites(TestNG.java:1069)
at org.testng.TestNG.run(TestNG.java:1037)
at org.testng.remote.AbstractRemoteTestNG.run(AbstractRemoteTestNG.java:115)
at org.testng.remote.RemoteTestNG.initAndRun(RemoteTestNG.java:251)
at org.testng.remote.RemoteTestNG.main(RemoteTestNG.java:77)
]]>
            </full-stacktrace>
          </exception> <!-- org.openqa.selenium.NoSuchSessionException -->
          <reporter-output>
          </reporter-output>
        </test-method> <!-- getTestResultInExtentReport -->
        <test-method status="PASS" signature="before(org.testng.ITestResult)[pri:0, instance:tests.TestsAcceptanceWebsite@7364985f]" name="before" is-config="true" duration-ms="1" started-at="2021-03-11T08:08:54 CET" finished-at="2021-03-11T08:08:54 CET">
          <params>
            <param index="0">
              <value>
                <![CDATA[[TestResult name={null} status=CREATED method=TestsAcceptanceWebsite.verifyTheWebPageHasContent()[pri:0, instance:tests.TestsAcceptanceWebsite@7364985f] output={null}]]]>
              </value>
            </param>
          </params>
          <reporter-output>
          </reporter-output>
        </test-method> <!-- before -->
        <test-method status="PASS" signature="setUpBrowser(java.lang.String)[pri:0, instance:tests.TestsAcceptanceWebsite@7364985f]" name="setUpBrowser" is-config="true" duration-ms="4169" started-at="2021-03-11T08:08:54 CET" finished-at="2021-03-11T08:08:59 CET">
          <params>
            <param index="0">
              <value>
                <![CDATA[https://www.voicemod.net/]]>
              </value>
            </param>
          </params>
          <reporter-output>
          </reporter-output>
        </test-method> <!-- setUpBrowser -->
        <test-method status="PASS" signature="setDownloadPrefInFirefox()[pri:0, instance:tests.TestsAcceptanceWebsite@7364985f]" name="setDownloadPrefInFirefox" is-config="true" duration-ms="0" started-at="2021-03-11T08:08:54 CET" finished-at="2021-03-11T08:08:54 CET">
          <reporter-output>
          </reporter-output>
        </test-method> <!-- setDownloadPrefInFirefox -->
        <test-method status="PASS" signature="beforeTest()[pri:0, instance:tests.TestsAcceptanceWebsite@7364985f]" name="beforeTest" is-config="true" duration-ms="1" started-at="2021-03-11T08:08:59 CET" finished-at="2021-03-11T08:08:59 CET">
          <reporter-output>
          </reporter-output>
        </test-method> <!-- beforeTest -->
        <test-method status="PASS" signature="verifyTheWebPageHasContent()[pri:0, instance:tests.TestsAcceptanceWebsite@7364985f]" name="verifyTheWebPageHasContent" duration-ms="321" started-at="2021-03-11T08:08:59 CET" description="Test_Website_05 from Acceptance Tests excel sheet" finished-at="2021-03-11T08:08:59 CET">
          <reporter-output>
          </reporter-output>
        </test-method> <!-- verifyTheWebPageHasContent -->
        <test-method status="PASS" signature="closeBrowser()[pri:0, instance:tests.TestsAcceptanceWebsite@7364985f]" name="closeBrowser" is-config="true" duration-ms="2298" started-at="2021-03-11T08:08:59 CET" finished-at="2021-03-11T08:09:01 CET">
          <reporter-output>
          </reporter-output>
        </test-method> <!-- closeBrowser -->
        <test-method status="PASS" signature="getTestResultInExtentReport(org.testng.ITestResult)[pri:0, instance:tests.TestsAcceptanceWebsite@7364985f]" name="getTestResultInExtentReport" is-config="true" duration-ms="39" started-at="2021-03-11T08:09:01 CET" finished-at="2021-03-11T08:09:01 CET">
          <params>
            <param index="0">
              <value>
                <![CDATA[[TestResult name=verifyTheWebPageHasContent status=SUCCESS method=TestsAcceptanceWebsite.verifyTheWebPageHasContent()[pri:0, instance:tests.TestsAcceptanceWebsite@7364985f] output={null}]]]>
              </value>
            </param>
          </params>
          <reporter-output>
          </reporter-output>
        </test-method> <!-- getTestResultInExtentReport -->
        <test-method status="PASS" signature="before(org.testng.ITestResult)[pri:0, instance:tests.TestsAcceptanceWebsite@7364985f]" name="before" is-config="true" duration-ms="1" started-at="2021-03-11T08:09:01 CET" finished-at="2021-03-11T08:09:01 CET">
          <params>
            <param index="0">
              <value>
                <![CDATA[[TestResult name={null} status=CREATED method=TestsAcceptanceWebsite.verifyVoicemodSignInUsingDiscord()[pri:0, instance:tests.TestsAcceptanceWebsite@7364985f] output={null}]]]>
              </value>
            </param>
          </params>
          <reporter-output>
          </reporter-output>
        </test-method> <!-- before -->
        <test-method status="PASS" signature="setUpBrowser(java.lang.String)[pri:0, instance:tests.TestsAcceptanceWebsite@7364985f]" name="setUpBrowser" is-config="true" duration-ms="3921" started-at="2021-03-11T08:09:01 CET" finished-at="2021-03-11T08:09:05 CET">
          <params>
            <param index="0">
              <value>
                <![CDATA[https://www.voicemod.net/]]>
              </value>
            </param>
          </params>
          <reporter-output>
          </reporter-output>
        </test-method> <!-- setUpBrowser -->
        <test-method status="PASS" signature="setDownloadPrefInFirefox()[pri:0, instance:tests.TestsAcceptanceWebsite@7364985f]" name="setDownloadPrefInFirefox" is-config="true" duration-ms="0" started-at="2021-03-11T08:09:01 CET" finished-at="2021-03-11T08:09:01 CET">
          <reporter-output>
          </reporter-output>
        </test-method> <!-- setDownloadPrefInFirefox -->
        <test-method status="PASS" signature="beforeTest()[pri:0, instance:tests.TestsAcceptanceWebsite@7364985f]" name="beforeTest" is-config="true" duration-ms="1" started-at="2021-03-11T08:09:05 CET" finished-at="2021-03-11T08:09:05 CET">
          <reporter-output>
          </reporter-output>
        </test-method> <!-- beforeTest -->
        <test-method status="FAIL" signature="verifyVoicemodSignInUsingDiscord()[pri:0, instance:tests.TestsAcceptanceWebsite@7364985f]" name="verifyVoicemodSignInUsingDiscord" duration-ms="39108" started-at="2021-03-11T08:09:05 CET" description="Test_Website_02 from Acceptance Tests excel sheet" finished-at="2021-03-11T08:09:44 CET">
          <exception class="org.openqa.selenium.NoSuchElementException">
            <message>
              <![CDATA[Unable to locate element: //a[@id='Discord']
For documentation on this error, please visit: https://www.seleniumhq.org/exceptions/no_such_element.html
Build info: version: '3.141.59', revision: 'e82be7d358', time: '2018-11-14T08:17:03'
System info: host: 'f8ffc202c4b9.ant.amazon.com', ip: '172.20.10.2', os.name: 'Mac OS X', os.arch: 'x86_64', os.version: '10.14.6', java.version: '1.8.0_282'
Driver info: org.openqa.selenium.firefox.FirefoxDriver
Capabilities {acceptInsecureCerts: true, browserName: firefox, browserVersion: 78.7.0, javascriptEnabled: true, moz:accessibilityChecks: false, moz:buildID: 20210119174753, moz:geckodriverVersion: 0.29.0, moz:headless: false, moz:processID: 23568, moz:profile: /var/folders/j2/j37l7hqs1pn..., moz:shutdownTimeout: 60000, moz:useNonSpecCompliantPointerOrigin: false, moz:webdriverClick: true, pageLoadStrategy: normal, platform: MAC, platformName: MAC, platformVersion: 18.7.0, rotatable: false, setWindowRect: true, strictFileInteractability: false, timeouts: {implicit: 0, pageLoad: 300000, script: 30000}, unhandledPromptBehavior: dismiss and notify}
Session ID: 92e73b3c-d20e-f04b-85bd-b2f9f2d2e283
*** Element info: {Using=xpath, value=//a[@id='Discord']}]]>
            </message>
            <full-stacktrace>
              <![CDATA[org.openqa.selenium.NoSuchElementException: Unable to locate element: //a[@id='Discord']
For documentation on this error, please visit: https://www.seleniumhq.org/exceptions/no_such_element.html
Build info: version: '3.141.59', revision: 'e82be7d358', time: '2018-11-14T08:17:03'
System info: host: 'f8ffc202c4b9.ant.amazon.com', ip: '172.20.10.2', os.name: 'Mac OS X', os.arch: 'x86_64', os.version: '10.14.6', java.version: '1.8.0_282'
Driver info: org.openqa.selenium.firefox.FirefoxDriver
Capabilities {acceptInsecureCerts: true, browserName: firefox, browserVersion: 78.7.0, javascriptEnabled: true, moz:accessibilityChecks: false, moz:buildID: 20210119174753, moz:geckodriverVersion: 0.29.0, moz:headless: false, moz:processID: 23568, moz:profile: /var/folders/j2/j37l7hqs1pn..., moz:shutdownTimeout: 60000, moz:useNonSpecCompliantPointerOrigin: false, moz:webdriverClick: true, pageLoadStrategy: normal, platform: MAC, platformName: MAC, platformVersion: 18.7.0, rotatable: false, setWindowRect: true, strictFileInteractability: false, timeouts: {implicit: 0, pageLoad: 300000, script: 30000}, unhandledPromptBehavior: dismiss and notify}
Session ID: 92e73b3c-d20e-f04b-85bd-b2f9f2d2e283
*** Element info: {Using=xpath, value=//a[@id='Discord']}
at sun.reflect.NativeConstructorAccessorImpl.newInstance0(Native Method)
at sun.reflect.NativeConstructorAccessorImpl.newInstance(NativeConstructorAccessorImpl.java:62)
at sun.reflect.DelegatingConstructorAccessorImpl.newInstance(DelegatingConstructorAccessorImpl.java:45)
at java.lang.reflect.Constructor.newInstance(Constructor.java:423)
at org.openqa.selenium.remote.http.W3CHttpResponseCodec.createException(W3CHttpResponseCodec.java:187)
at org.openqa.selenium.remote.http.W3CHttpResponseCodec.decode(W3CHttpResponseCodec.java:122)
at org.openqa.selenium.remote.http.W3CHttpResponseCodec.decode(W3CHttpResponseCodec.java:49)
at org.openqa.selenium.remote.HttpCommandExecutor.execute(HttpCommandExecutor.java:158)
at org.openqa.selenium.remote.service.DriverCommandExecutor.execute(DriverCommandExecutor.java:83)
at org.openqa.selenium.remote.RemoteWebDriver.execute(RemoteWebDriver.java:552)
at org.openqa.selenium.remote.RemoteWebDriver.findElement(RemoteWebDriver.java:323)
at org.openqa.selenium.remote.RemoteWebDriver.findElementByXPath(RemoteWebDriver.java:428)
at org.openqa.selenium.By$ByXPath.findElement(By.java:353)
at org.openqa.selenium.remote.RemoteWebDriver.findElement(RemoteWebDriver.java:315)
at org.openqa.selenium.support.pagefactory.DefaultElementLocator.findElement(DefaultElementLocator.java:69)
at org.openqa.selenium.support.pagefactory.internal.LocatingElementHandler.invoke(LocatingElementHandler.java:38)
at com.sun.proxy.$Proxy13.click(Unknown Source)
at pages.SignUpPage.clickDiscordSignInButton(SignUpPage.java:84)
at tests.TestsAcceptanceWebsite.verifyVoicemodSignInUsingDiscord(TestsAcceptanceWebsite.java:66)
at sun.reflect.NativeMethodAccessorImpl.invoke0(Native Method)
at sun.reflect.NativeMethodAccessorImpl.invoke(NativeMethodAccessorImpl.java:62)
at sun.reflect.DelegatingMethodAccessorImpl.invoke(DelegatingMethodAccessorImpl.java:43)
at java.lang.reflect.Method.invoke(Method.java:498)
at org.testng.internal.MethodInvocationHelper.invokeMethod(MethodInvocationHelper.java:132)
at org.testng.internal.TestInvoker.invokeMethod(TestInvoker.java:599)
at org.testng.internal.TestInvoker.invokeTestMethod(TestInvoker.java:174)
at org.testng.internal.MethodRunner.runInSequence(MethodRunner.java:46)
at org.testng.internal.TestInvoker$MethodInvocationAgent.invoke(TestInvoker.java:822)
at org.testng.internal.TestInvoker.invokeTestMethods(TestInvoker.java:147)
at org.testng.internal.TestMethodWorker.invokeTestMethods(TestMethodWorker.java:146)
at org.testng.internal.TestMethodWorker.run(TestMethodWorker.java:128)
at java.util.ArrayList.forEach(ArrayList.java:1259)
at org.testng.TestRunner.privateRun(TestRunner.java:764)
at org.testng.TestRunner.run(TestRunner.java:585)
at org.testng.SuiteRunner.runTest(SuiteRunner.java:384)
at org.testng.SuiteRunner.runSequentially(SuiteRunner.java:378)
at org.testng.SuiteRunner.privateRun(SuiteRunner.java:337)
at org.testng.SuiteRunner.run(SuiteRunner.java:286)
at org.testng.SuiteRunnerWorker.runSuite(SuiteRunnerWorker.java:53)
at org.testng.SuiteRunnerWorker.run(SuiteRunnerWorker.java:96)
at org.testng.TestNG.runSuitesSequentially(TestNG.java:1218)
at org.testng.TestNG.runSuitesLocally(TestNG.java:1140)
at org.testng.TestNG.runSuites(TestNG.java:1069)
at org.testng.TestNG.run(TestNG.java:1037)
at org.testng.remote.AbstractRemoteTestNG.run(AbstractRemoteTestNG.java:115)
at org.testng.remote.RemoteTestNG.initAndRun(RemoteTestNG.java:251)
at org.testng.remote.RemoteTestNG.main(RemoteTestNG.java:77)
]]>
            </full-stacktrace>
          </exception> <!-- org.openqa.selenium.NoSuchElementException -->
          <reporter-output>
          </reporter-output>
        </test-method> <!-- verifyVoicemodSignInUsingDiscord -->
        <test-method status="PASS" signature="closeBrowser()[pri:0, instance:tests.TestsAcceptanceWebsite@7364985f]" name="closeBrowser" is-config="true" duration-ms="381" started-at="2021-03-11T08:09:44 CET" finished-at="2021-03-11T08:09:45 CET">
          <reporter-output>
          </reporter-output>
        </test-method> <!-- closeBrowser -->
        <test-method status="FAIL" signature="getTestResultInExtentReport(org.testng.ITestResult)[pri:0, instance:tests.TestsAcceptanceWebsite@7364985f]" name="getTestResultInExtentReport" is-config="true" duration-ms="1" started-at="2021-03-11T08:09:45 CET" finished-at="2021-03-11T08:09:45 CET">
          <params>
            <param index="0">
              <value>
                <![CDATA[[TestResult name=verifyVoicemodSignInUsingDiscord status=FAILURE method=TestsAcceptanceWebsite.verifyVoicemodSignInUsingDiscord()[pri:0, instance:tests.TestsAcceptanceWebsite@7364985f] output={null}]]]>
              </value>
            </param>
          </params>
          <exception class="org.openqa.selenium.NoSuchSessionException">
            <message>
              <![CDATA[Tried to run command without establishing a connection
Build info: version: '3.141.59', revision: 'e82be7d358', time: '2018-11-14T08:17:03'
System info: host: 'f8ffc202c4b9.ant.amazon.com', ip: '172.20.10.2', os.name: 'Mac OS X', os.arch: 'x86_64', os.version: '10.14.6', java.version: '1.8.0_282'
Driver info: org.openqa.selenium.firefox.FirefoxDriver
Capabilities {acceptInsecureCerts: true, browserName: firefox, browserVersion: 78.7.0, javascriptEnabled: true, moz:accessibilityChecks: false, moz:buildID: 20210119174753, moz:geckodriverVersion: 0.29.0, moz:headless: false, moz:processID: 23568, moz:profile: /var/folders/j2/j37l7hqs1pn..., moz:shutdownTimeout: 60000, moz:useNonSpecCompliantPointerOrigin: false, moz:webdriverClick: true, pageLoadStrategy: normal, platform: MAC, platformName: MAC, platformVersion: 18.7.0, rotatable: false, setWindowRect: true, strictFileInteractability: false, timeouts: {implicit: 0, pageLoad: 300000, script: 30000}, unhandledPromptBehavior: dismiss and notify}
Session ID: 92e73b3c-d20e-f04b-85bd-b2f9f2d2e283]]>
            </message>
            <full-stacktrace>
              <![CDATA[org.openqa.selenium.NoSuchSessionException: Tried to run command without establishing a connection
Build info: version: '3.141.59', revision: 'e82be7d358', time: '2018-11-14T08:17:03'
System info: host: 'f8ffc202c4b9.ant.amazon.com', ip: '172.20.10.2', os.name: 'Mac OS X', os.arch: 'x86_64', os.version: '10.14.6', java.version: '1.8.0_282'
Driver info: org.openqa.selenium.firefox.FirefoxDriver
Capabilities {acceptInsecureCerts: true, browserName: firefox, browserVersion: 78.7.0, javascriptEnabled: true, moz:accessibilityChecks: false, moz:buildID: 20210119174753, moz:geckodriverVersion: 0.29.0, moz:headless: false, moz:processID: 23568, moz:profile: /var/folders/j2/j37l7hqs1pn..., moz:shutdownTimeout: 60000, moz:useNonSpecCompliantPointerOrigin: false, moz:webdriverClick: true, pageLoadStrategy: normal, platform: MAC, platformName: MAC, platformVersion: 18.7.0, rotatable: false, setWindowRect: true, strictFileInteractability: false, timeouts: {implicit: 0, pageLoad: 300000, script: 30000}, unhandledPromptBehavior: dismiss and notify}
Session ID: 92e73b3c-d20e-f04b-85bd-b2f9f2d2e283
at sun.reflect.NativeConstructorAccessorImpl.newInstance0(Native Method)
at sun.reflect.NativeConstructorAccessorImpl.newInstance(NativeConstructorAccessorImpl.java:62)
at sun.reflect.DelegatingConstructorAccessorImpl.newInstance(DelegatingConstructorAccessorImpl.java:45)
at java.lang.reflect.Constructor.newInstance(Constructor.java:423)
at org.openqa.selenium.remote.http.W3CHttpResponseCodec.createException(W3CHttpResponseCodec.java:187)
at org.openqa.selenium.remote.http.W3CHttpResponseCodec.decode(W3CHttpResponseCodec.java:122)
at org.openqa.selenium.remote.http.W3CHttpResponseCodec.decode(W3CHttpResponseCodec.java:49)
at org.openqa.selenium.remote.HttpCommandExecutor.execute(HttpCommandExecutor.java:158)
at org.openqa.selenium.remote.service.DriverCommandExecutor.execute(DriverCommandExecutor.java:83)
at org.openqa.selenium.remote.RemoteWebDriver.execute(RemoteWebDriver.java:552)
at org.openqa.selenium.remote.RemoteWebDriver.execute(RemoteWebDriver.java:609)
at org.openqa.selenium.remote.RemoteWebDriver.getScreenshotAs(RemoteWebDriver.java:295)
at base.BaseClass.screenshot(BaseClass.java:188)
at base.BaseClass.getTestResultInExtentReport(BaseClass.java:155)
at sun.reflect.NativeMethodAccessorImpl.invoke0(Native Method)
at sun.reflect.NativeMethodAccessorImpl.invoke(NativeMethodAccessorImpl.java:62)
at sun.reflect.DelegatingMethodAccessorImpl.invoke(DelegatingMethodAccessorImpl.java:43)
at java.lang.reflect.Method.invoke(Method.java:498)
at org.testng.internal.MethodInvocationHelper.invokeMethod(MethodInvocationHelper.java:132)
at org.testng.internal.MethodInvocationHelper.invokeMethodConsideringTimeout(MethodInvocationHelper.java:61)
at org.testng.internal.ConfigInvoker.invokeConfigurationMethod(ConfigInvoker.java:366)
at org.testng.internal.ConfigInvoker.invokeConfigurations(ConfigInvoker.java:320)
at org.testng.internal.TestInvoker.runConfigMethods(TestInvoker.java:701)
at org.testng.internal.TestInvoker.runAfterGroupsConfigurations(TestInvoker.java:677)
at org.testng.internal.TestInvoker.invokeMethod(TestInvoker.java:661)
at org.testng.internal.TestInvoker.invokeTestMethod(TestInvoker.java:174)
at org.testng.internal.MethodRunner.runInSequence(MethodRunner.java:46)
at org.testng.internal.TestInvoker$MethodInvocationAgent.invoke(TestInvoker.java:822)
at org.testng.internal.TestInvoker.invokeTestMethods(TestInvoker.java:147)
at org.testng.internal.TestMethodWorker.invokeTestMethods(TestMethodWorker.java:146)
at org.testng.internal.TestMethodWorker.run(TestMethodWorker.java:128)
at java.util.ArrayList.forEach(ArrayList.java:1259)
at org.testng.TestRunner.privateRun(TestRunner.java:764)
at org.testng.TestRunner.run(TestRunner.java:585)
at org.testng.SuiteRunner.runTest(SuiteRunner.java:384)
at org.testng.SuiteRunner.runSequentially(SuiteRunner.java:378)
at org.testng.SuiteRunner.privateRun(SuiteRunner.java:337)
at org.testng.SuiteRunner.run(SuiteRunner.java:286)
at org.testng.SuiteRunnerWorker.runSuite(SuiteRunnerWorker.java:53)
at org.testng.SuiteRunnerWorker.run(SuiteRunnerWorker.java:96)
at org.testng.TestNG.runSuitesSequentially(TestNG.java:1218)
at org.testng.TestNG.runSuitesLocally(TestNG.java:1140)
at org.testng.TestNG.runSuites(TestNG.java:1069)
at org.testng.TestNG.run(TestNG.java:1037)
at org.testng.remote.AbstractRemoteTestNG.run(AbstractRemoteTestNG.java:115)
at org.testng.remote.RemoteTestNG.initAndRun(RemoteTestNG.java:251)
at org.testng.remote.RemoteTestNG.main(RemoteTestNG.java:77)
]]>
            </full-stacktrace>
          </exception> <!-- org.openqa.selenium.NoSuchSessionException -->
          <reporter-output>
          </reporter-output>
        </test-method> <!-- getTestResultInExtentReport -->
        <test-method status="PASS" signature="before(org.testng.ITestResult)[pri:0, instance:tests.TestsAcceptanceWebsite@7364985f]" name="before" is-config="true" duration-ms="0" started-at="2021-03-11T08:09:45 CET" finished-at="2021-03-11T08:09:45 CET">
          <params>
            <param index="0">
              <value>
                <![CDATA[[TestResult name={null} status=CREATED method=TestsAcceptanceWebsite.verifyVoicemodSignInUsingTwitch()[pri:1, instance:tests.TestsAcceptanceWebsite@7364985f] output={null}]]]>
              </value>
            </param>
          </params>
          <reporter-output>
          </reporter-output>
        </test-method> <!-- before -->
        <test-method status="PASS" signature="setDownloadPrefInFirefox()[pri:0, instance:tests.TestsAcceptanceWebsite@7364985f]" name="setDownloadPrefInFirefox" is-config="true" duration-ms="0" started-at="2021-03-11T08:09:45 CET" finished-at="2021-03-11T08:09:45 CET">
          <reporter-output>
          </reporter-output>
        </test-method> <!-- setDownloadPrefInFirefox -->
        <test-method status="PASS" signature="setUpBrowser(java.lang.String)[pri:0, instance:tests.TestsAcceptanceWebsite@7364985f]" name="setUpBrowser" is-config="true" duration-ms="3598" started-at="2021-03-11T08:09:45 CET" finished-at="2021-03-11T08:09:48 CET">
          <params>
            <param index="0">
              <value>
                <![CDATA[https://www.voicemod.net/]]>
              </value>
            </param>
          </params>
          <reporter-output>
          </reporter-output>
        </test-method> <!-- setUpBrowser -->
        <test-method status="FAIL" signature="verifyVoicemodSignInUsingTwitch()[pri:1, instance:tests.TestsAcceptanceWebsite@7364985f]" name="verifyVoicemodSignInUsingTwitch" duration-ms="38499" started-at="2021-03-11T08:09:48 CET" description="Test_Website_03 from Acceptance Tests excel sheet" finished-at="2021-03-11T08:10:27 CET">
          <exception class="org.openqa.selenium.NoSuchElementException">
            <message>
              <![CDATA[Unable to locate element: //a[@id='Twitch']
For documentation on this error, please visit: https://www.seleniumhq.org/exceptions/no_such_element.html
Build info: version: '3.141.59', revision: 'e82be7d358', time: '2018-11-14T08:17:03'
System info: host: 'f8ffc202c4b9.ant.amazon.com', ip: '172.20.10.2', os.name: 'Mac OS X', os.arch: 'x86_64', os.version: '10.14.6', java.version: '1.8.0_282'
Driver info: org.openqa.selenium.firefox.FirefoxDriver
Capabilities {acceptInsecureCerts: true, browserName: firefox, browserVersion: 78.7.0, javascriptEnabled: true, moz:accessibilityChecks: false, moz:buildID: 20210119174753, moz:geckodriverVersion: 0.29.0, moz:headless: false, moz:processID: 23692, moz:profile: /var/folders/j2/j37l7hqs1pn..., moz:shutdownTimeout: 60000, moz:useNonSpecCompliantPointerOrigin: false, moz:webdriverClick: true, pageLoadStrategy: normal, platform: MAC, platformName: MAC, platformVersion: 18.7.0, rotatable: false, setWindowRect: true, strictFileInteractability: false, timeouts: {implicit: 0, pageLoad: 300000, script: 30000}, unhandledPromptBehavior: dismiss and notify}
Session ID: 85300898-7ff2-0946-8d82-c049a487b871
*** Element info: {Using=xpath, value=//a[@id='Twitch']}]]>
            </message>
            <full-stacktrace>
              <![CDATA[org.openqa.selenium.NoSuchElementException: Unable to locate element: //a[@id='Twitch']
For documentation on this error, please visit: https://www.seleniumhq.org/exceptions/no_such_element.html
Build info: version: '3.141.59', revision: 'e82be7d358', time: '2018-11-14T08:17:03'
System info: host: 'f8ffc202c4b9.ant.amazon.com', ip: '172.20.10.2', os.name: 'Mac OS X', os.arch: 'x86_64', os.version: '10.14.6', java.version: '1.8.0_282'
Driver info: org.openqa.selenium.firefox.FirefoxDriver
Capabilities {acceptInsecureCerts: true, browserName: firefox, browserVersion: 78.7.0, javascriptEnabled: true, moz:accessibilityChecks: false, moz:buildID: 20210119174753, moz:geckodriverVersion: 0.29.0, moz:headless: false, moz:processID: 23692, moz:profile: /var/folders/j2/j37l7hqs1pn..., moz:shutdownTimeout: 60000, moz:useNonSpecCompliantPointerOrigin: false, moz:webdriverClick: true, pageLoadStrategy: normal, platform: MAC, platformName: MAC, platformVersion: 18.7.0, rotatable: false, setWindowRect: true, strictFileInteractability: false, timeouts: {implicit: 0, pageLoad: 300000, script: 30000}, unhandledPromptBehavior: dismiss and notify}
Session ID: 85300898-7ff2-0946-8d82-c049a487b871
*** Element info: {Using=xpath, value=//a[@id='Twitch']}
at sun.reflect.NativeConstructorAccessorImpl.newInstance0(Native Method)
at sun.reflect.NativeConstructorAccessorImpl.newInstance(NativeConstructorAccessorImpl.java:62)
at sun.reflect.DelegatingConstructorAccessorImpl.newInstance(DelegatingConstructorAccessorImpl.java:45)
at java.lang.reflect.Constructor.newInstance(Constructor.java:423)
at org.openqa.selenium.remote.http.W3CHttpResponseCodec.createException(W3CHttpResponseCodec.java:187)
at org.openqa.selenium.remote.http.W3CHttpResponseCodec.decode(W3CHttpResponseCodec.java:122)
at org.openqa.selenium.remote.http.W3CHttpResponseCodec.decode(W3CHttpResponseCodec.java:49)
at org.openqa.selenium.remote.HttpCommandExecutor.execute(HttpCommandExecutor.java:158)
at org.openqa.selenium.remote.service.DriverCommandExecutor.execute(DriverCommandExecutor.java:83)
at org.openqa.selenium.remote.RemoteWebDriver.execute(RemoteWebDriver.java:552)
at org.openqa.selenium.remote.RemoteWebDriver.findElement(RemoteWebDriver.java:323)
at org.openqa.selenium.remote.RemoteWebDriver.findElementByXPath(RemoteWebDriver.java:428)
at org.openqa.selenium.By$ByXPath.findElement(By.java:353)
at org.openqa.selenium.remote.RemoteWebDriver.findElement(RemoteWebDriver.java:315)
at org.openqa.selenium.support.pagefactory.DefaultElementLocator.findElement(DefaultElementLocator.java:69)
at org.openqa.selenium.support.pagefactory.internal.LocatingElementHandler.invoke(LocatingElementHandler.java:38)
at com.sun.proxy.$Proxy13.click(Unknown Source)
at pages.SignUpPage.clickTwitchSignInButton(SignUpPage.java:93)
at tests.TestsAcceptanceWebsite.verifyVoicemodSignInUsingTwitch(TestsAcceptanceWebsite.java:82)
at sun.reflect.NativeMethodAccessorImpl.invoke0(Native Method)
at sun.reflect.NativeMethodAccessorImpl.invoke(NativeMethodAccessorImpl.java:62)
at sun.reflect.DelegatingMethodAccessorImpl.invoke(DelegatingMethodAccessorImpl.java:43)
at java.lang.reflect.Method.invoke(Method.java:498)
at org.testng.internal.MethodInvocationHelper.invokeMethod(MethodInvocationHelper.java:132)
at org.testng.internal.TestInvoker.invokeMethod(TestInvoker.java:599)
at org.testng.internal.TestInvoker.invokeTestMethod(TestInvoker.java:174)
at org.testng.internal.MethodRunner.runInSequence(MethodRunner.java:46)
at org.testng.internal.TestInvoker$MethodInvocationAgent.invoke(TestInvoker.java:822)
at org.testng.internal.TestInvoker.invokeTestMethods(TestInvoker.java:147)
at org.testng.internal.TestMethodWorker.invokeTestMethods(TestMethodWorker.java:146)
at org.testng.internal.TestMethodWorker.run(TestMethodWorker.java:128)
at java.util.ArrayList.forEach(ArrayList.java:1259)
at org.testng.TestRunner.privateRun(TestRunner.java:764)
at org.testng.TestRunner.run(TestRunner.java:585)
at org.testng.SuiteRunner.runTest(SuiteRunner.java:384)
at org.testng.SuiteRunner.runSequentially(SuiteRunner.java:378)
at org.testng.SuiteRunner.privateRun(SuiteRunner.java:337)
at org.testng.SuiteRunner.run(SuiteRunner.java:286)
at org.testng.SuiteRunnerWorker.runSuite(SuiteRunnerWorker.java:53)
at org.testng.SuiteRunnerWorker.run(SuiteRunnerWorker.java:96)
at org.testng.TestNG.runSuitesSequentially(TestNG.java:1218)
at org.testng.TestNG.runSuitesLocally(TestNG.java:1140)
at org.testng.TestNG.runSuites(TestNG.java:1069)
at org.testng.TestNG.run(TestNG.java:1037)
at org.testng.remote.AbstractRemoteTestNG.run(AbstractRemoteTestNG.java:115)
at org.testng.remote.RemoteTestNG.initAndRun(RemoteTestNG.java:251)
at org.testng.remote.RemoteTestNG.main(RemoteTestNG.java:77)
]]>
            </full-stacktrace>
          </exception> <!-- org.openqa.selenium.NoSuchElementException -->
          <reporter-output>
          </reporter-output>
        </test-method> <!-- verifyVoicemodSignInUsingTwitch -->
        <test-method status="PASS" signature="beforeTest()[pri:0, instance:tests.TestsAcceptanceWebsite@7364985f]" name="beforeTest" is-config="true" duration-ms="0" started-at="2021-03-11T08:09:48 CET" finished-at="2021-03-11T08:09:48 CET">
          <reporter-output>
          </reporter-output>
        </test-method> <!-- beforeTest -->
        <test-method status="PASS" signature="closeBrowser()[pri:0, instance:tests.TestsAcceptanceWebsite@7364985f]" name="closeBrowser" is-config="true" duration-ms="375" started-at="2021-03-11T08:10:27 CET" finished-at="2021-03-11T08:10:27 CET">
          <reporter-output>
          </reporter-output>
        </test-method> <!-- closeBrowser -->
        <test-method status="FAIL" signature="getTestResultInExtentReport(org.testng.ITestResult)[pri:0, instance:tests.TestsAcceptanceWebsite@7364985f]" name="getTestResultInExtentReport" is-config="true" duration-ms="1" started-at="2021-03-11T08:10:27 CET" finished-at="2021-03-11T08:10:27 CET">
          <params>
            <param index="0">
              <value>
                <![CDATA[[TestResult name=verifyVoicemodSignInUsingTwitch status=FAILURE method=TestsAcceptanceWebsite.verifyVoicemodSignInUsingTwitch()[pri:1, instance:tests.TestsAcceptanceWebsite@7364985f] output={null}]]]>
              </value>
            </param>
          </params>
          <exception class="org.openqa.selenium.NoSuchSessionException">
            <message>
              <![CDATA[Tried to run command without establishing a connection
Build info: version: '3.141.59', revision: 'e82be7d358', time: '2018-11-14T08:17:03'
System info: host: 'f8ffc202c4b9.ant.amazon.com', ip: '172.20.10.2', os.name: 'Mac OS X', os.arch: 'x86_64', os.version: '10.14.6', java.version: '1.8.0_282'
Driver info: org.openqa.selenium.firefox.FirefoxDriver
Capabilities {acceptInsecureCerts: true, browserName: firefox, browserVersion: 78.7.0, javascriptEnabled: true, moz:accessibilityChecks: false, moz:buildID: 20210119174753, moz:geckodriverVersion: 0.29.0, moz:headless: false, moz:processID: 23692, moz:profile: /var/folders/j2/j37l7hqs1pn..., moz:shutdownTimeout: 60000, moz:useNonSpecCompliantPointerOrigin: false, moz:webdriverClick: true, pageLoadStrategy: normal, platform: MAC, platformName: MAC, platformVersion: 18.7.0, rotatable: false, setWindowRect: true, strictFileInteractability: false, timeouts: {implicit: 0, pageLoad: 300000, script: 30000}, unhandledPromptBehavior: dismiss and notify}
Session ID: 85300898-7ff2-0946-8d82-c049a487b871]]>
            </message>
            <full-stacktrace>
              <![CDATA[org.openqa.selenium.NoSuchSessionException: Tried to run command without establishing a connection
Build info: version: '3.141.59', revision: 'e82be7d358', time: '2018-11-14T08:17:03'
System info: host: 'f8ffc202c4b9.ant.amazon.com', ip: '172.20.10.2', os.name: 'Mac OS X', os.arch: 'x86_64', os.version: '10.14.6', java.version: '1.8.0_282'
Driver info: org.openqa.selenium.firefox.FirefoxDriver
Capabilities {acceptInsecureCerts: true, browserName: firefox, browserVersion: 78.7.0, javascriptEnabled: true, moz:accessibilityChecks: false, moz:buildID: 20210119174753, moz:geckodriverVersion: 0.29.0, moz:headless: false, moz:processID: 23692, moz:profile: /var/folders/j2/j37l7hqs1pn..., moz:shutdownTimeout: 60000, moz:useNonSpecCompliantPointerOrigin: false, moz:webdriverClick: true, pageLoadStrategy: normal, platform: MAC, platformName: MAC, platformVersion: 18.7.0, rotatable: false, setWindowRect: true, strictFileInteractability: false, timeouts: {implicit: 0, pageLoad: 300000, script: 30000}, unhandledPromptBehavior: dismiss and notify}
Session ID: 85300898-7ff2-0946-8d82-c049a487b871
at sun.reflect.NativeConstructorAccessorImpl.newInstance0(Native Method)
at sun.reflect.NativeConstructorAccessorImpl.newInstance(NativeConstructorAccessorImpl.java:62)
at sun.reflect.DelegatingConstructorAccessorImpl.newInstance(DelegatingConstructorAccessorImpl.java:45)
at java.lang.reflect.Constructor.newInstance(Constructor.java:423)
at org.openqa.selenium.remote.http.W3CHttpResponseCodec.createException(W3CHttpResponseCodec.java:187)
at org.openqa.selenium.remote.http.W3CHttpResponseCodec.decode(W3CHttpResponseCodec.java:122)
at org.openqa.selenium.remote.http.W3CHttpResponseCodec.decode(W3CHttpResponseCodec.java:49)
at org.openqa.selenium.remote.HttpCommandExecutor.execute(HttpCommandExecutor.java:158)
at org.openqa.selenium.remote.service.DriverCommandExecutor.execute(DriverCommandExecutor.java:83)
at org.openqa.selenium.remote.RemoteWebDriver.execute(RemoteWebDriver.java:552)
at org.openqa.selenium.remote.RemoteWebDriver.execute(RemoteWebDriver.java:609)
at org.openqa.selenium.remote.RemoteWebDriver.getScreenshotAs(RemoteWebDriver.java:295)
at base.BaseClass.screenshot(BaseClass.java:188)
at base.BaseClass.getTestResultInExtentReport(BaseClass.java:155)
at sun.reflect.NativeMethodAccessorImpl.invoke0(Native Method)
at sun.reflect.NativeMethodAccessorImpl.invoke(NativeMethodAccessorImpl.java:62)
at sun.reflect.DelegatingMethodAccessorImpl.invoke(DelegatingMethodAccessorImpl.java:43)
at java.lang.reflect.Method.invoke(Method.java:498)
at org.testng.internal.MethodInvocationHelper.invokeMethod(MethodInvocationHelper.java:132)
at org.testng.internal.MethodInvocationHelper.invokeMethodConsideringTimeout(MethodInvocationHelper.java:61)
at org.testng.internal.ConfigInvoker.invokeConfigurationMethod(ConfigInvoker.java:366)
at org.testng.internal.ConfigInvoker.invokeConfigurations(ConfigInvoker.java:320)
at org.testng.internal.TestInvoker.runConfigMethods(TestInvoker.java:701)
at org.testng.internal.TestInvoker.runAfterGroupsConfigurations(TestInvoker.java:677)
at org.testng.internal.TestInvoker.invokeMethod(TestInvoker.java:661)
at org.testng.internal.TestInvoker.invokeTestMethod(TestInvoker.java:174)
at org.testng.internal.MethodRunner.runInSequence(MethodRunner.java:46)
at org.testng.internal.TestInvoker$MethodInvocationAgent.invoke(TestInvoker.java:822)
at org.testng.internal.TestInvoker.invokeTestMethods(TestInvoker.java:147)
at org.testng.internal.TestMethodWorker.invokeTestMethods(TestMethodWorker.java:146)
at org.testng.internal.TestMethodWorker.run(TestMethodWorker.java:128)
at java.util.ArrayList.forEach(ArrayList.java:1259)
at org.testng.TestRunner.privateRun(TestRunner.java:764)
at org.testng.TestRunner.run(TestRunner.java:585)
at org.testng.SuiteRunner.runTest(SuiteRunner.java:384)
at org.testng.SuiteRunner.runSequentially(SuiteRunner.java:378)
at org.testng.SuiteRunner.privateRun(SuiteRunner.java:337)
at org.testng.SuiteRunner.run(SuiteRunner.java:286)
at org.testng.SuiteRunnerWorker.runSuite(SuiteRunnerWorker.java:53)
at org.testng.SuiteRunnerWorker.run(SuiteRunnerWorker.java:96)
at org.testng.TestNG.runSuitesSequentially(TestNG.java:1218)
at org.testng.TestNG.runSuitesLocally(TestNG.java:1140)
at org.testng.TestNG.runSuites(TestNG.java:1069)
at org.testng.TestNG.run(TestNG.java:1037)
at org.testng.remote.AbstractRemoteTestNG.run(AbstractRemoteTestNG.java:115)
at org.testng.remote.RemoteTestNG.initAndRun(RemoteTestNG.java:251)
at org.testng.remote.RemoteTestNG.main(RemoteTestNG.java:77)
]]>
            </full-stacktrace>
          </exception> <!-- org.openqa.selenium.NoSuchSessionException -->
          <reporter-output>
          </reporter-output>
        </test-method> <!-- getTestResultInExtentReport -->
      </class> <!-- tests.TestsAcceptanceWebsite -->
    </test> <!-- Voicemod website tests -->
  </suite> <!-- VoicemodWebsiteTests -->
</testng-results>
